[0310/212403.004:ERROR:process_memory_win.cc(73)] ReadMemory at 0x7ff7660b0000 of 64 bytes failed: Only part of a ReadProcessMemory or WriteProcessMemory request was completed. (0x12B)
[0310/212403.004:WARNING:pe_image_reader.cc(340)] could not read dos header from C:\Program Files (x86)\Google\Chrome\Application\chrome.exe
[0310/212403.004:ERROR:process_memory_win.cc(73)] ReadMemory at 0x7ffdfef20000 of 64 bytes failed: Only part of a ReadProcessMemory or WriteProcessMemory request was completed. (0x12B)
[0310/212403.004:WARNING:pe_image_reader.cc(340)] could not read dos header from C:\Windows\SYSTEM32\ntdll.dll
[0310/212403.004:ERROR:process_memory_win.cc(73)] ReadMemory at 0x7ffdfd6c0000 of 64 bytes failed: Only part of a ReadProcessMemory or WriteProcessMemory request was completed. (0x12B)
[0310/212403.004:WARNING:pe_image_reader.cc(340)] could not read dos header from C:\Windows\System32\KERNEL32.DLL
[0310/212403.020:ERROR:process_memory_win.cc(73)] ReadMemory at 0x7ffdfc900000 of 64 bytes failed: Only part of a ReadProcessMemory or WriteProcessMemory request was completed. (0x12B)
[0310/212403.020:WARNING:pe_image_reader.cc(340)] could not read dos header from C:\Windows\System32\KERNELBASE.dll
[0310/212403.020:ERROR:process_memory_win.cc(73)] ReadMemory at 0x7ffdcae30000 of 64 bytes failed: Only part of a ReadProcessMemory or WriteProcessMemory request was completed. (0x12B)
[0310/212403.020:WARNING:pe_image_reader.cc(340)] could not read dos header from C:\Program Files (x86)\Google\Chrome\Application\80.0.3987.132\chrome_elf.dll
[0310/212403.020:ERROR:process_memory_win.cc(73)] ReadMemory at 0x7ffdf2d00000 of 64 bytes failed: Only part of a ReadProcessMemory or WriteProcessMemory request was completed. (0x12B)
[0310/212403.020:WARNING:pe_image_reader.cc(340)] could not read dos header from C:\Windows\SYSTEM32\VERSION.dll
[0310/212403.020:ERROR:process_memory_win.cc(73)] ReadMemory at 0x7ffdfdca0000 of 64 bytes failed: Only part of a ReadProcessMemory or WriteProcessMemory request was completed. (0x12B)
[0310/212403.020:WARNING:pe_image_reader.cc(340)] could not read dos header from C:\Windows\System32\msvcrt.dll
[0310/212403.020:ERROR:process_memory_win.cc(73)] ReadMemory at 0x7ffdfcc00000 of 64 bytes failed: Only part of a ReadProcessMemory or WriteProcessMemory request was completed. (0x12B)
[0310/212403.020:WARNING:pe_image_reader.cc(340)] could not read dos header from C:\Windows\System32\bcryptPrimitives.dll
[0310/212403.020:ERROR:process_memory_win.cc(73)] ReadMemory at 0x7ffdfe080000 of 64 bytes failed: Only part of a ReadProcessMemory or WriteProcessMemory request was completed. (0x12B)
[0310/212403.020:WARNING:pe_image_reader.cc(340)] could not read dos header from C:\Windows\System32\ADVAPI32.dll
[0310/212403.020:ERROR:process_memory_win.cc(73)] ReadMemory at 0x7ffdfd5c0000 of 64 bytes failed: Only part of a ReadProcessMemory or WriteProcessMemory request was completed. (0x12B)
[0310/212403.020:WARNING:pe_image_reader.cc(340)] could not read dos header from C:\Windows\System32\sechost.dll
[0310/212403.020:ERROR:process_memory_win.cc(73)] ReadMemory at 0x7ffdfd9e0000 of 64 bytes failed: Only part of a ReadProcessMemory or WriteProcessMemory request was completed. (0x12B)
[0310/212403.020:WARNING:pe_image_reader.cc(340)] could not read dos header from C:\Windows\System32\RPCRT4.dll
[0310/212403.020:ERROR:process_memory_win.cc(73)] ReadMemory at 0x7ffd9c9a0000 of 64 bytes failed: Only part of a ReadProcessMemory or WriteProcessMemory request was completed. (0x12B)
[0310/212403.020:WARNING:pe_image_reader.cc(340)] could not read dos header from C:\Program Files (x86)\Google\Chrome\Application\80.0.3987.132\chrome.dll
[0310/212403.020:ERROR:process_memory_win.cc(73)] ReadMemory at 0x7ffdfdb80000 of 64 bytes failed: Only part of a ReadProcessMemory or WriteProcessMemory request was completed. (0x12B)
[0310/212403.020:WARNING:pe_image_reader.cc(340)] could not read dos header from C:\Windows\System32\WS2_32.dll
[0310/212403.020:ERROR:process_memory_win.cc(73)] ReadMemory at 0x7ffdfd8e0000 of 64 bytes failed: Only part of a ReadProcessMemory or WriteProcessMemory request was completed. (0x12B)
[0310/212403.020:WARNING:pe_image_reader.cc(340)] could not read dos header from C:\Windows\System32\OLEAUT32.dll
[0310/212403.020:ERROR:process_memory_win.cc(73)] ReadMemory at 0x7ffdfcf00000 of 64 bytes failed: Only part of a ReadProcessMemory or WriteProcessMemory request was completed. (0x12B)
[0310/212403.020:WARNING:pe_image_reader.cc(340)] could not read dos header from C:\Windows\System32\msvcp_win.dll
[0310/212403.020:ERROR:process_memory_win.cc(73)] ReadMemory at 0x7ffdfbeb0000 of 64 bytes failed: Only part of a ReadProcessMemory or WriteProcessMemory request was completed. (0x12B)
[0310/212403.020:WARNING:pe_image_reader.cc(340)] could not read dos header from C:\Windows\System32\ucrtbase.dll
[0310/212403.020:ERROR:process_memory_win.cc(73)] ReadMemory at 0x7ffdfdd40000 of 64 bytes failed: Only part of a ReadProcessMemory or WriteProcessMemory request was completed. (0x12B)
[0310/212403.020:WARNING:pe_image_reader.cc(340)] could not read dos header from C:\Windows\System32\combase.dll
[0310/212403.020:ERROR:process_memory_win.cc(73)] ReadMemory at 0x7ffdfbfb0000 of 64 bytes failed: Only part of a ReadProcessMemory or WriteProcessMemory request was completed. (0x12B)
[0310/212403.020:WARNING:pe_image_reader.cc(340)] could not read dos header from C:\Windows\System32\WINTRUST.dll
[0310/212403.020:ERROR:process_memory_win.cc(73)] ReadMemory at 0x7ffdfbe90000 of 64 bytes failed: Only part of a ReadProcessMemory or WriteProcessMemory request was completed. (0x12B)
[0310/212403.020:WARNING:pe_image_reader.cc(340)] could not read dos header from C:\Windows\System32\MSASN1.dll
[0310/212403.020:ERROR:process_memory_win.cc(73)] ReadMemory at 0x7ffdfc7b0000 of 64 bytes failed: Only part of a ReadProcessMemory or WriteProcessMemory request was completed. (0x12B)
[0310/212403.020:WARNING:pe_image_reader.cc(340)] could not read dos header from C:\Windows\System32\CRYPT32.dll
[0310/212403.020:ERROR:process_memory_win.cc(73)] ReadMemory at 0x7ffdfb370000 of 64 bytes failed: Only part of a ReadProcessMemory or WriteProcessMemory request was completed. (0x12B)
[0310/212403.020:WARNING:pe_image_reader.cc(340)] could not read dos header from C:\Windows\SYSTEM32\IPHLPAPI.DLL
[0310/212403.020:ERROR:process_memory_win.cc(73)] ReadMemory at 0x7ffdf8fe0000 of 64 bytes failed: Only part of a ReadProcessMemory or WriteProcessMemory request was completed. (0x12B)
[0310/212403.020:WARNING:pe_image_reader.cc(340)] could not read dos header from C:\Windows\SYSTEM32\WINMM.dll
[0310/212403.020:ERROR:process_memory_win.cc(73)] ReadMemory at 0x7ffde9370000 of 64 bytes failed: Only part of a ReadProcessMemory or WriteProcessMemory request was completed. (0x12B)
[0310/212403.020:WARNING:pe_image_reader.cc(340)] could not read dos header from C:\Windows\SYSTEM32\Secur32.dll
[0310/212403.020:ERROR:process_memory_win.cc(73)] ReadMemory at 0x7ffdfbce0000 of 64 bytes failed: Only part of a ReadProcessMemory or WriteProcessMemory request was completed. (0x12B)
[0310/212403.020:WARNING:pe_image_reader.cc(340)] could not read dos header from C:\Windows\SYSTEM32\USERENV.dll
[0310/212403.020:ERROR:process_memory_win.cc(73)] ReadMemory at 0x7ffdfbe50000 of 64 bytes failed: Only part of a ReadProcessMemory or WriteProcessMemory request was completed. (0x12B)
[0310/212403.020:WARNING:pe_image_reader.cc(340)] could not read dos header from C:\Windows\System32\profapi.dll
[0310/212403.020:ERROR:process_memory_win.cc(73)] ReadMemory at 0x7ffdded90000 of 64 bytes failed: Only part of a ReadProcessMemory or WriteProcessMemory request was completed. (0x12B)
[0310/212403.020:WARNING:pe_image_reader.cc(340)] could not read dos header from C:\Windows\SYSTEM32\UIAutomationCore.DLL
[0310/212403.020:ERROR:process_memory_win.cc(73)] ReadMemory at 0x7ffde7aa0000 of 64 bytes failed: Only part of a ReadProcessMemory or WriteProcessMemory request was completed. (0x12B)
[0310/212403.020:WARNING:pe_image_reader.cc(340)] could not read dos header from C:\Windows\SYSTEM32\DWrite.dll
[0310/212403.020:ERROR:process_memory_win.cc(73)] ReadMemory at 0x7ffdf0390000 of 64 bytes failed: Only part of a ReadProcessMemory or WriteProcessMemory request was completed. (0x12B)
[0310/212403.020:WARNING:pe_image_reader.cc(340)] could not read dos header from C:\Windows\SYSTEM32\WINSPOOL.DRV
[0310/212403.020:ERROR:process_memory_win.cc(73)] ReadMemory at 0x7ffdfa6e0000 of 64 bytes failed: Only part of a ReadProcessMemory or WriteProcessMemory request was completed. (0x12B)
[0310/212403.020:WARNING:pe_image_reader.cc(340)] could not read dos header from C:\Windows\SYSTEM32\dbghelp.dll
[0310/212403.020:ERROR:process_memory_win.cc(73)] ReadMemory at 0x7ffdfbe70000 of 64 bytes failed: Only part of a ReadProcessMemory or WriteProcessMemory request was completed. (0x12B)
[0310/212403.020:WARNING:pe_image_reader.cc(340)] could not read dos header from C:\Windows\System32\kernel.appcore.dll
[0310/212403.020:ERROR:process_memory_win.cc(73)] ReadMemory at 0x7ffdfcfa0000 of 64 bytes failed: Only part of a ReadProcessMemory or WriteProcessMemory request was completed. (0x12B)
[0310/212403.020:WARNING:pe_image_reader.cc(340)] could not read dos header from C:\Windows\System32\bcrypt.dll
[0310/212403.020:ERROR:process_memory_win.cc(73)] ReadMemory at 0x7ffdefd10000 of 64 bytes failed: Only part of a ReadProcessMemory or WriteProcessMemory request was completed. (0x12B)
[0310/212403.020:WARNING:pe_image_reader.cc(340)] could not read dos header from C:\Windows\SYSTEM32\WINHTTP.dll
[0310/212403.020:ERROR:process_memory_win.cc(73)] ReadMemory at 0x7ffdf2350000 of 64 bytes failed: Only part of a ReadProcessMemory or WriteProcessMemory request was completed. (0x12B)
[0310/212403.020:WARNING:pe_image_reader.cc(340)] could not read dos header from C:\Windows\SYSTEM32\dhcpcsvc.DLL
[0310/212403.020:ERROR:process_memory_win.cc(73)] ReadMemory at 0x7ffdfd1e0000 of 64 bytes failed: Only part of a ReadProcessMemory or WriteProcessMemory request was completed. (0x12B)
[0310/212403.020:WARNING:pe_image_reader.cc(340)] could not read dos header from C:\Windows\System32\NSI.dll
[0310/212403.020:ERROR:process_memory_win.cc(73)] ReadMemory at 0x7ffdf8fb0000 of 64 bytes failed: Only part of a ReadProcessMemory or WriteProcessMemory request was completed. (0x12B)
[0310/212403.020:WARNING:pe_image_reader.cc(340)] could not read dos header from C:\Windows\SYSTEM32\WINMMBASE.dll
[0310/212403.020:ERROR:process_memory_win.cc(73)] ReadMemory at 0x7ffdfcbb0000 of 64 bytes failed: Only part of a ReadProcessMemory or WriteProcessMemory request was completed. (0x12B)
[0310/212403.020:WARNING:pe_image_reader.cc(340)] could not read dos header from C:\Windows\System32\cfgmgr32.dll
[0310/212403.020:ERROR:process_memory_win.cc(73)] ReadMemory at 0x7ffdfa460000 of 64 bytes failed: Only part of a ReadProcessMemory or WriteProcessMemory request was completed. (0x12B)
[0310/212403.020:WARNING:pe_image_reader.cc(340)] could not read dos header from C:\Windows\SYSTEM32\PROPSYS.dll
[0310/212403.020:ERROR:process_memory_win.cc(73)] ReadMemory at 0x7ffdfdbf0000 of 64 bytes failed: Only part of a ReadProcessMemory or WriteProcessMemory request was completed. (0x12B)
[0310/212403.020:WARNING:pe_image_reader.cc(340)] could not read dos header from C:\Windows\System32\shcore.dll
[0310/212403.020:ERROR:process_memory_win.cc(73)] ReadMemory at 0x7ffdfbd10000 of 64 bytes failed: Only part of a ReadProcessMemory or WriteProcessMemory request was completed. (0x12B)
[0310/212403.020:WARNING:pe_image_reader.cc(340)] could not read dos header from C:\Windows\SYSTEM32\SSPICLI.DLL
[0310/212403.020:ERROR:process_memory_win.cc(73)] ReadMemory at 0x7ffdfd2c0000 of 64 bytes failed: Only part of a ReadProcessMemory or WriteProcessMemory request was completed. (0x12B)
[0310/212403.020:WARNING:pe_image_reader.cc(340)] could not read dos header from C:\Windows\System32\GDI32.dll
[0310/212403.020:ERROR:process_memory_win.cc(73)] ReadMemory at 0x7ffdfcc80000 of 64 bytes failed: Only part of a ReadProcessMemory or WriteProcessMemory request was completed. (0x12B)
[0310/212403.020:WARNING:pe_image_reader.cc(340)] could not read dos header from C:\Windows\System32\win32u.dll
[0310/212403.020:ERROR:process_memory_win.cc(73)] ReadMemory at 0x7ffdfcd60000 of 64 bytes failed: Only part of a ReadProcessMemory or WriteProcessMemory request was completed. (0x12B)
[0310/212403.020:WARNING:pe_image_reader.cc(340)] could not read dos header from C:\Windows\System32\gdi32full.dll
[0310/212403.020:ERROR:process_memory_win.cc(73)] ReadMemory at 0x7ffdfd040000 of 64 bytes failed: Only part of a ReadProcessMemory or WriteProcessMemory request was completed. (0x12B)
[0310/212403.020:WARNING:pe_image_reader.cc(340)] could not read dos header from C:\Windows\System32\USER32.dll
[0310/212403.020:ERROR:process_memory_win.cc(73)] ReadMemory at 0x7ffdfd370000 of 64 bytes failed: Only part of a ReadProcessMemory or WriteProcessMemory request was completed. (0x12B)
[0310/212403.020:WARNING:pe_image_reader.cc(340)] could not read dos header from C:\Windows\System32\IMM32.DLL
[0310/212403.020:ERROR:process_memory_win.cc(73)] ReadMemory at 0x7ffdfb830000 of 64 bytes failed: Only part of a ReadProcessMemory or WriteProcessMemory request was completed. (0x12B)
[0310/212403.020:WARNING:pe_image_reader.cc(340)] could not read dos header from C:\Windows\SYSTEM32\CRYPTBASE.DLL
[0310/212403.020:ERROR:process_memory_win.cc(73)] ReadMemory at 0x7ffdf7cc0000 of 64 bytes failed: Only part of a ReadProcessMemory or WriteProcessMemory request was completed. (0x12B)
[0310/212403.020:WARNING:pe_image_reader.cc(340)] could not read dos header from C:\Windows\system32\NLAapi.dll
[0310/212403.020:ERROR:process_memory_win.cc(73)] ReadMemory at 0x7ffdf2370000 of 64 bytes failed: Only part of a ReadProcessMemory or WriteProcessMemory request was completed. (0x12B)
[0310/212403.020:WARNING:pe_image_reader.cc(340)] could not read dos header from C:\Windows\SYSTEM32\dhcpcsvc6.DLL
[0310/212403.020:ERROR:process_memory_win.cc(73)] ReadMemory at 0x7ffdfb3b0000 of 64 bytes failed: Only part of a ReadProcessMemory or WriteProcessMemory request was completed. (0x12B)
[0310/212403.020:WARNING:pe_image_reader.cc(340)] could not read dos header from C:\Windows\SYSTEM32\DNSAPI.dll
[0310/212403.020:ERROR:process_memory_win.cc(73)] ReadMemory at 0x7ffdefb50000 of 64 bytes failed: Only part of a ReadProcessMemory or WriteProcessMemory request was completed. (0x12B)
[0310/212403.020:WARNING:pe_image_reader.cc(340)] could not read dos header from C:\Windows\SYSTEM32\wlanapi.dll
[0310/212403.020:ERROR:process_memory_win.cc(73)] ReadMemory at 0x7ffdfb660000 of 64 bytes failed: Only part of a ReadProcessMemory or WriteProcessMemory request was completed. (0x12B)
[0310/212403.020:WARNING:pe_image_reader.cc(340)] could not read dos header from C:\Windows\system32\mswsock.dll
[0310/212403.020:ERROR:process_memory_win.cc(73)] ReadMemory at 0x7ffdef7c0000 of 64 bytes failed: Only part of a ReadProcessMemory or WriteProcessMemory request was completed. (0x12B)
[0310/212403.020:WARNING:pe_image_reader.cc(340)] could not read dos header from C:\Windows\System32\rasadhlp.dll
[0310/212403.020:ERROR:process_memory_win.cc(73)] ReadMemory at 0x7ffdf19f0000 of 64 bytes failed: Only part of a ReadProcessMemory or WriteProcessMemory request was completed. (0x12B)
[0310/212403.020:WARNING:pe_image_reader.cc(340)] could not read dos header from C:\Windows\System32\fwpuclnt.dll
[0310/212403.020:ERROR:process_memory_win.cc(73)] ReadMemory at 0x7ffdfc010000 of 64 bytes failed: Only part of a ReadProcessMemory or WriteProcessMemory request was completed. (0x12B)
[0310/212403.020:WARNING:pe_image_reader.cc(340)] could not read dos header from C:\Windows\System32\CRYPTSP.dll
[0310/212403.020:ERROR:process_memory_win.cc(73)] ReadMemory at 0x7ffdfb1d0000 of 64 bytes failed: Only part of a ReadProcessMemory or WriteProcessMemory request was completed. (0x12B)
[0310/212403.020:WARNING:pe_image_reader.cc(340)] could not read dos header from C:\Windows\system32\rsaenh.dll
[0310/212403.020:ERROR:process_memory_win.cc(73)] ReadMemory at 0x7ffdfa9e0000 of 64 bytes failed: Only part of a ReadProcessMemory or WriteProcessMemory request was completed. (0x12B)
[0310/212403.020:WARNING:pe_image_reader.cc(340)] could not read dos header from C:\Windows\SYSTEM32\gpapi.dll
[0310/212403.020:ERROR:process_memory_win.cc(73)] ReadMemory at 0x7ffdf29e0000 of 64 bytes failed: Only part of a ReadProcessMemory or WriteProcessMemory request was completed. (0x12B)
[0310/212403.020:WARNING:pe_image_reader.cc(340)] could not read dos header from C:\Windows\System32\cryptnet.dll
[0310/212403.020:ERROR:process_memory_win.cc(73)] ReadMemory at 0x7ffdfae30000 of 64 bytes failed: Only part of a ReadProcessMemory or WriteProcessMemory request was completed. (0x12B)
[0310/212403.020:WARNING:pe_image_reader.cc(340)] could not read dos header from C:\Windows\SYSTEM32\ntmarta.dll
[0310/212403.020:ERROR:process_memory_win.cc(73)] ReadMemory at 0x7ffdf2490000 of 64 bytes failed: Only part of a ReadProcessMemory or WriteProcessMemory request was completed. (0x12B)
[0310/212403.020:WARNING:pe_image_reader.cc(340)] could not read dos header from C:\Windows\SYSTEM32\WINNSI.DLL
[0310/212403.020:ERROR:process_memory_win.cc(73)] ReadMemory at 0x7ff7660b0000 of 64 bytes failed: Only part of a ReadProcessMemory or WriteProcessMemory request was completed. (0x12B)
[0310/212403.020:WARNING:pe_image_reader.cc(340)] could not read dos header from C:\Program Files (x86)\Google\Chrome\Application\chrome.exe
[0310/212403.020:ERROR:process_memory_win.cc(73)] ReadMemory at 0x7ffdfef20000 of 64 bytes failed: Only part of a ReadProcessMemory or WriteProcessMemory request was completed. (0x12B)
[0310/212403.020:WARNING:pe_image_reader.cc(340)] could not read dos header from C:\Windows\SYSTEM32\ntdll.dll
[0310/212403.020:ERROR:process_memory_win.cc(73)] ReadMemory at 0x7ffdfd6c0000 of 64 bytes failed: Only part of a ReadProcessMemory or WriteProcessMemory request was completed. (0x12B)
[0310/212403.020:WARNING:pe_image_reader.cc(340)] could not read dos header from C:\Windows\System32\KERNEL32.DLL
[0310/212403.020:ERROR:process_memory_win.cc(73)] ReadMemory at 0x7ffdfc900000 of 64 bytes failed: Only part of a ReadProcessMemory or WriteProcessMemory request was completed. (0x12B)
[0310/212403.020:WARNING:pe_image_reader.cc(340)] could not read dos header from C:\Windows\System32\KERNELBASE.dll
[0310/212403.020:ERROR:process_memory_win.cc(73)] ReadMemory at 0x7ffdcae30000 of 64 bytes failed: Only part of a ReadProcessMemory or WriteProcessMemory request was completed. (0x12B)
[0310/212403.020:WARNING:pe_image_reader.cc(340)] could not read dos header from C:\Program Files (x86)\Google\Chrome\Application\80.0.3987.132\chrome_elf.dll
[0310/212403.020:ERROR:process_memory_win.cc(73)] ReadMemory at 0x7ffdf2d00000 of 64 bytes failed: Only part of a ReadProcessMemory or WriteProcessMemory request was completed. (0x12B)
[0310/212403.020:WARNING:pe_image_reader.cc(340)] could not read dos header from C:\Windows\SYSTEM32\VERSION.dll
[0310/212403.020:ERROR:process_memory_win.cc(73)] ReadMemory at 0x7ffdfdca0000 of 64 bytes failed: Only part of a ReadProcessMemory or WriteProcessMemory request was completed. (0x12B)
[0310/212403.020:WARNING:pe_image_reader.cc(340)] could not read dos header from C:\Windows\System32\msvcrt.dll
[0310/212403.020:ERROR:process_memory_win.cc(73)] ReadMemory at 0x7ffdfcc00000 of 64 bytes failed: Only part of a ReadProcessMemory or WriteProcessMemory request was completed. (0x12B)
[0310/212403.020:WARNING:pe_image_reader.cc(340)] could not read dos header from C:\Windows\System32\bcryptPrimitives.dll
[0310/212403.020:ERROR:process_memory_win.cc(73)] ReadMemory at 0x7ffdfe080000 of 64 bytes failed: Only part of a ReadProcessMemory or WriteProcessMemory request was completed. (0x12B)
[0310/212403.020:WARNING:pe_image_reader.cc(340)] could not read dos header from C:\Windows\System32\ADVAPI32.dll
[0310/212403.020:ERROR:process_memory_win.cc(73)] ReadMemory at 0x7ffdfd5c0000 of 64 bytes failed: Only part of a ReadProcessMemory or WriteProcessMemory request was completed. (0x12B)
[0310/212403.020:WARNING:pe_image_reader.cc(340)] could not read dos header from C:\Windows\System32\sechost.dll
[0310/212403.020:ERROR:process_memory_win.cc(73)] ReadMemory at 0x7ffdfd9e0000 of 64 bytes failed: Only part of a ReadProcessMemory or WriteProcessMemory request was completed. (0x12B)
[0310/212403.020:WARNING:pe_image_reader.cc(340)] could not read dos header from C:\Windows\System32\RPCRT4.dll
[0310/212403.020:ERROR:process_memory_win.cc(73)] ReadMemory at 0x7ffd9c9a0000 of 64 bytes failed: Only part of a ReadProcessMemory or WriteProcessMemory request was completed. (0x12B)
[0310/212403.020:WARNING:pe_image_reader.cc(340)] could not read dos header from C:\Program Files (x86)\Google\Chrome\Application\80.0.3987.132\chrome.dll
[0310/212403.020:ERROR:process_memory_win.cc(73)] ReadMemory at 0x7ffdfdb80000 of 64 bytes failed: Only part of a ReadProcessMemory or WriteProcessMemory request was completed. (0x12B)
[0310/212403.020:WARNING:pe_image_reader.cc(340)] could not read dos header from C:\Windows\System32\WS2_32.dll
[0310/212403.020:ERROR:process_memory_win.cc(73)] ReadMemory at 0x7ffdfd8e0000 of 64 bytes failed: Only part of a ReadProcessMemory or WriteProcessMemory request was completed. (0x12B)
[0310/212403.020:WARNING:pe_image_reader.cc(340)] could not read dos header from C:\Windows\System32\OLEAUT32.dll
[0310/212403.020:ERROR:process_memory_win.cc(73)] ReadMemory at 0x7ffdfcf00000 of 64 bytes failed: Only part of a ReadProcessMemory or WriteProcessMemory request was completed. (0x12B)
[0310/212403.020:WARNING:pe_image_reader.cc(340)] could not read dos header from C:\Windows\System32\msvcp_win.dll
[0310/212403.020:ERROR:process_memory_win.cc(73)] ReadMemory at 0x7ffdfbeb0000 of 64 bytes failed: Only part of a ReadProcessMemory or WriteProcessMemory request was completed. (0x12B)
[0310/212403.020:WARNING:pe_image_reader.cc(340)] could not read dos header from C:\Windows\System32\ucrtbase.dll
[0310/212403.020:ERROR:process_memory_win.cc(73)] ReadMemory at 0x7ffdfdd40000 of 64 bytes failed: Only part of a ReadProcessMemory or WriteProcessMemory request was completed. (0x12B)
[0310/212403.020:WARNING:pe_image_reader.cc(340)] could not read dos header from C:\Windows\System32\combase.dll
[0310/212403.020:ERROR:process_memory_win.cc(73)] ReadMemory at 0x7ffdfbfb0000 of 64 bytes failed: Only part of a ReadProcessMemory or WriteProcessMemory request was completed. (0x12B)
[0310/212403.020:WARNING:pe_image_reader.cc(340)] could not read dos header from C:\Windows\System32\WINTRUST.dll
[0310/212403.020:ERROR:process_memory_win.cc(73)] ReadMemory at 0x7ffdfbe90000 of 64 bytes failed: Only part of a ReadProcessMemory or WriteProcessMemory request was completed. (0x12B)
[0310/212403.020:WARNING:pe_image_reader.cc(340)] could not read dos header from C:\Windows\System32\MSASN1.dll
[0310/212403.020:ERROR:process_memory_win.cc(73)] ReadMemory at 0x7ffdfc7b0000 of 64 bytes failed: Only part of a ReadProcessMemory or WriteProcessMemory request was completed. (0x12B)
[0310/212403.020:WARNING:pe_image_reader.cc(340)] could not read dos header from C:\Windows\System32\CRYPT32.dll
[0310/212403.020:ERROR:process_memory_win.cc(73)] ReadMemory at 0x7ffdfb370000 of 64 bytes failed: Only part of a ReadProcessMemory or WriteProcessMemory request was completed. (0x12B)
[0310/212403.020:WARNING:pe_image_reader.cc(340)] could not read dos header from C:\Windows\SYSTEM32\IPHLPAPI.DLL
[0310/212403.020:ERROR:process_memory_win.cc(73)] ReadMemory at 0x7ffdf8fe0000 of 64 bytes failed: Only part of a ReadProcessMemory or WriteProcessMemory request was completed. (0x12B)
[0310/212403.020:WARNING:pe_image_reader.cc(340)] could not read dos header from C:\Windows\SYSTEM32\WINMM.dll
[0310/212403.020:ERROR:process_memory_win.cc(73)] ReadMemory at 0x7ffde9370000 of 64 bytes failed: Only part of a ReadProcessMemory or WriteProcessMemory request was completed. (0x12B)
[0310/212403.020:WARNING:pe_image_reader.cc(340)] could not read dos header from C:\Windows\SYSTEM32\Secur32.dll
[0310/212403.020:ERROR:process_memory_win.cc(73)] ReadMemory at 0x7ffdfbce0000 of 64 bytes failed: Only part of a ReadProcessMemory or WriteProcessMemory request was completed. (0x12B)
[0310/212403.020:WARNING:pe_image_reader.cc(340)] could not read dos header from C:\Windows\SYSTEM32\USERENV.dll
[0310/212403.020:ERROR:process_memory_win.cc(73)] ReadMemory at 0x7ffdfbe50000 of 64 bytes failed: Only part of a ReadProcessMemory or WriteProcessMemory request was completed. (0x12B)
[0310/212403.020:WARNING:pe_image_reader.cc(340)] could not read dos header from C:\Windows\System32\profapi.dll
[0310/212403.020:ERROR:process_memory_win.cc(73)] ReadMemory at 0x7ffdded90000 of 64 bytes failed: Only part of a ReadProcessMemory or WriteProcessMemory request was completed. (0x12B)
[0310/212403.020:WARNING:pe_image_reader.cc(340)] could not read dos header from C:\Windows\SYSTEM32\UIAutomationCore.DLL
[0310/212403.020:ERROR:process_memory_win.cc(73)] ReadMemory at 0x7ffde7aa0000 of 64 bytes failed: Only part of a ReadProcessMemory or WriteProcessMemory request was completed. (0x12B)
[0310/212403.020:WARNING:pe_image_reader.cc(340)] could not read dos header from C:\Windows\SYSTEM32\DWrite.dll
[0310/212403.020:ERROR:process_memory_win.cc(73)] ReadMemory at 0x7ffdf0390000 of 64 bytes failed: Only part of a ReadProcessMemory or WriteProcessMemory request was completed. (0x12B)
[0310/212403.020:WARNING:pe_image_reader.cc(340)] could not read dos header from C:\Windows\SYSTEM32\WINSPOOL.DRV
[0310/212403.020:ERROR:process_memory_win.cc(73)] ReadMemory at 0x7ffdfa6e0000 of 64 bytes failed: Only part of a ReadProcessMemory or WriteProcessMemory request was completed. (0x12B)
[0310/212403.020:WARNING:pe_image_reader.cc(340)] could not read dos header from C:\Windows\SYSTEM32\dbghelp.dll
[0310/212403.020:ERROR:process_memory_win.cc(73)] ReadMemory at 0x7ffdfbe70000 of 64 bytes failed: Only part of a ReadProcessMemory or WriteProcessMemory request was completed. (0x12B)
[0310/212403.020:WARNING:pe_image_reader.cc(340)] could not read dos header from C:\Windows\System32\kernel.appcore.dll
[0310/212403.020:ERROR:process_memory_win.cc(73)] ReadMemory at 0x7ffdfcfa0000 of 64 bytes failed: Only part of a ReadProcessMemory or WriteProcessMemory request was completed. (0x12B)
[0310/212403.020:WARNING:pe_image_reader.cc(340)] could not read dos header from C:\Windows\System32\bcrypt.dll
[0310/212403.020:ERROR:process_memory_win.cc(73)] ReadMemory at 0x7ffdefd10000 of 64 bytes failed: Only part of a ReadProcessMemory or WriteProcessMemory request was completed. (0x12B)
[0310/212403.020:WARNING:pe_image_reader.cc(340)] could not read dos header from C:\Windows\SYSTEM32\WINHTTP.dll
[0310/212403.020:ERROR:process_memory_win.cc(73)] ReadMemory at 0x7ffdf2350000 of 64 bytes failed: Only part of a ReadProcessMemory or WriteProcessMemory request was completed. (0x12B)
[0310/212403.020:WARNING:pe_image_reader.cc(340)] could not read dos header from C:\Windows\SYSTEM32\dhcpcsvc.DLL
[0310/212403.020:ERROR:process_memory_win.cc(73)] ReadMemory at 0x7ffdfd1e0000 of 64 bytes failed: Only part of a ReadProcessMemory or WriteProcessMemory request was completed. (0x12B)
[0310/212403.020:WARNING:pe_image_reader.cc(340)] could not read dos header from C:\Windows\System32\NSI.dll
[0310/212403.020:ERROR:process_memory_win.cc(73)] ReadMemory at 0x7ffdf8fb0000 of 64 bytes failed: Only part of a ReadProcessMemory or WriteProcessMemory request was completed. (0x12B)
[0310/212403.020:WARNING:pe_image_reader.cc(340)] could not read dos header from C:\Windows\SYSTEM32\WINMMBASE.dll
[0310/212403.020:ERROR:process_memory_win.cc(73)] ReadMemory at 0x7ffdfcbb0000 of 64 bytes failed: Only part of a ReadProcessMemory or WriteProcessMemory request was completed. (0x12B)
[0310/212403.020:WARNING:pe_image_reader.cc(340)] could not read dos header from C:\Windows\System32\cfgmgr32.dll
[0310/212403.020:ERROR:process_memory_win.cc(73)] ReadMemory at 0x7ffdfa460000 of 64 bytes failed: Only part of a ReadProcessMemory or WriteProcessMemory request was completed. (0x12B)
[0310/212403.020:WARNING:pe_image_reader.cc(340)] could not read dos header from C:\Windows\SYSTEM32\PROPSYS.dll
[0310/212403.020:ERROR:process_memory_win.cc(73)] ReadMemory at 0x7ffdfdbf0000 of 64 bytes failed: Only part of a ReadProcessMemory or WriteProcessMemory request was completed. (0x12B)
[0310/212403.020:WARNING:pe_image_reader.cc(340)] could not read dos header from C:\Windows\System32\shcore.dll
[0310/212403.020:ERROR:process_memory_win.cc(73)] ReadMemory at 0x7ffdfbd10000 of 64 bytes failed: Only part of a ReadProcessMemory or WriteProcessMemory request was completed. (0x12B)
[0310/212403.020:WARNING:pe_image_reader.cc(340)] could not read dos header from C:\Windows\SYSTEM32\SSPICLI.DLL
[0310/212403.020:ERROR:process_memory_win.cc(73)] ReadMemory at 0x7ffdfd2c0000 of 64 bytes failed: Only part of a ReadProcessMemory or WriteProcessMemory request was completed. (0x12B)
[0310/212403.020:WARNING:pe_image_reader.cc(340)] could not read dos header from C:\Windows\System32\GDI32.dll
[0310/212403.020:ERROR:process_memory_win.cc(73)] ReadMemory at 0x7ffdfcc80000 of 64 bytes failed: Only part of a ReadProcessMemory or WriteProcessMemory request was completed. (0x12B)
[0310/212403.020:WARNING:pe_image_reader.cc(340)] could not read dos header from C:\Windows\System32\win32u.dll
[0310/212403.020:ERROR:process_memory_win.cc(73)] ReadMemory at 0x7ffdfcd60000 of 64 bytes failed: Only part of a ReadProcessMemory or WriteProcessMemory request was completed. (0x12B)
[0310/212403.020:WARNING:pe_image_reader.cc(340)] could not read dos header from C:\Windows\System32\gdi32full.dll
[0310/212403.020:ERROR:process_memory_win.cc(73)] ReadMemory at 0x7ffdfd040000 of 64 bytes failed: Only part of a ReadProcessMemory or WriteProcessMemory request was completed. (0x12B)
[0310/212403.020:WARNING:pe_image_reader.cc(340)] could not read dos header from C:\Windows\System32\USER32.dll
[0310/212403.020:ERROR:process_memory_win.cc(73)] ReadMemory at 0x7ffdfd370000 of 64 bytes failed: Only part of a ReadProcessMemory or WriteProcessMemory request was completed. (0x12B)
[0310/212403.020:WARNING:pe_image_reader.cc(340)] could not read dos header from C:\Windows\System32\IMM32.DLL
[0310/212403.020:ERROR:process_memory_win.cc(73)] ReadMemory at 0x7ffdfb830000 of 64 bytes failed: Only part of a ReadProcessMemory or WriteProcessMemory request was completed. (0x12B)
[0310/212403.020:WARNING:pe_image_reader.cc(340)] could not read dos header from C:\Windows\SYSTEM32\CRYPTBASE.DLL
[0310/212403.035:ERROR:process_memory_win.cc(73)] ReadMemory at 0x7ffdf7cc0000 of 64 bytes failed: Only part of a ReadProcessMemory or WriteProcessMemory request was completed. (0x12B)
[0310/212403.035:WARNING:pe_image_reader.cc(340)] could not read dos header from C:\Windows\system32\NLAapi.dll
[0310/212403.035:ERROR:process_memory_win.cc(73)] ReadMemory at 0x7ffdf2370000 of 64 bytes failed: Only part of a ReadProcessMemory or WriteProcessMemory request was completed. (0x12B)
[0310/212403.035:WARNING:pe_image_reader.cc(340)] could not read dos header from C:\Windows\SYSTEM32\dhcpcsvc6.DLL
[0310/212403.035:ERROR:process_memory_win.cc(73)] ReadMemory at 0x7ffdfb3b0000 of 64 bytes failed: Only part of a ReadProcessMemory or WriteProcessMemory request was completed. (0x12B)
[0310/212403.035:WARNING:pe_image_reader.cc(340)] could not read dos header from C:\Windows\SYSTEM32\DNSAPI.dll
[0310/212403.035:ERROR:process_memory_win.cc(73)] ReadMemory at 0x7ffdefb50000 of 64 bytes failed: Only part of a ReadProcessMemory or WriteProcessMemory request was completed. (0x12B)
[0310/212403.035:WARNING:pe_image_reader.cc(340)] could not read dos header from C:\Windows\SYSTEM32\wlanapi.dll
[0310/212403.035:ERROR:process_memory_win.cc(73)] ReadMemory at 0x7ffdfb660000 of 64 bytes failed: Only part of a ReadProcessMemory or WriteProcessMemory request was completed. (0x12B)
[0310/212403.035:WARNING:pe_image_reader.cc(340)] could not read dos header from C:\Windows\system32\mswsock.dll
[0310/212403.035:ERROR:process_memory_win.cc(73)] ReadMemory at 0x7ffdef7c0000 of 64 bytes failed: Only part of a ReadProcessMemory or WriteProcessMemory request was completed. (0x12B)
[0310/212403.035:WARNING:pe_image_reader.cc(340)] could not read dos header from C:\Windows\System32\rasadhlp.dll
[0310/212403.035:ERROR:process_memory_win.cc(73)] ReadMemory at 0x7ffdf19f0000 of 64 bytes failed: Only part of a ReadProcessMemory or WriteProcessMemory request was completed. (0x12B)
[0310/212403.035:WARNING:pe_image_reader.cc(340)] could not read dos header from C:\Windows\System32\fwpuclnt.dll
[0310/212403.035:ERROR:process_memory_win.cc(73)] ReadMemory at 0x7ffdfc010000 of 64 bytes failed: Only part of a ReadProcessMemory or WriteProcessMemory request was completed. (0x12B)
[0310/212403.035:WARNING:pe_image_reader.cc(340)] could not read dos header from C:\Windows\System32\CRYPTSP.dll
[0310/212403.035:ERROR:process_memory_win.cc(73)] ReadMemory at 0x7ffdfb1d0000 of 64 bytes failed: Only part of a ReadProcessMemory or WriteProcessMemory request was completed. (0x12B)
[0310/212403.035:WARNING:pe_image_reader.cc(340)] could not read dos header from C:\Windows\system32\rsaenh.dll
[0310/212403.035:ERROR:process_memory_win.cc(73)] ReadMemory at 0x7ffdfa9e0000 of 64 bytes failed: Only part of a ReadProcessMemory or WriteProcessMemory request was completed. (0x12B)
[0310/212403.035:WARNING:pe_image_reader.cc(340)] could not read dos header from C:\Windows\SYSTEM32\gpapi.dll
[0310/212403.035:ERROR:process_memory_win.cc(73)] ReadMemory at 0x7ffdf29e0000 of 64 bytes failed: Only part of a ReadProcessMemory or WriteProcessMemory request was completed. (0x12B)
[0310/212403.035:WARNING:pe_image_reader.cc(340)] could not read dos header from C:\Windows\System32\cryptnet.dll
[0310/212403.035:ERROR:process_memory_win.cc(73)] ReadMemory at 0x7ffdfae30000 of 64 bytes failed: Only part of a ReadProcessMemory or WriteProcessMemory request was completed. (0x12B)
[0310/212403.035:WARNING:pe_image_reader.cc(340)] could not read dos header from C:\Windows\SYSTEM32\ntmarta.dll
[0310/212403.035:ERROR:process_memory_win.cc(73)] ReadMemory at 0x7ffdf2490000 of 64 bytes failed: Only part of a ReadProcessMemory or WriteProcessMemory request was completed. (0x12B)
[0310/212403.035:WARNING:pe_image_reader.cc(340)] could not read dos header from C:\Windows\SYSTEM32\WINNSI.DLL
[0310/212403.301:ERROR:process_memory_win.cc(73)] ReadMemory at 0xca581fb000 of 20480 bytes failed: Only part of a ReadProcessMemory or WriteProcessMemory request was completed. (0x12B)
[0310/212403.301:ERROR:process_memory_win.cc(73)] ReadMemory at 0xca599fe000 of 8192 bytes failed: Only part of a ReadProcessMemory or WriteProcessMemory request was completed. (0x12B)
[0310/212403.301:ERROR:process_memory_win.cc(73)] ReadMemory at 0xca5a1fd000 of 12288 bytes failed: Only part of a ReadProcessMemory or WriteProcessMemory request was completed. (0x12B)
[0310/212403.301:ERROR:process_memory_win.cc(73)] ReadMemory at 0xca5b9f7000 of 36864 bytes failed: Only part of a ReadProcessMemory or WriteProcessMemory request was completed. (0x12B)
[0310/212403.301:ERROR:process_memory_win.cc(73)] ReadMemory at 0xca5c1fe000 of 8192 bytes failed: Only part of a ReadProcessMemory or WriteProcessMemory request was completed. (0x12B)
[0310/212403.301:ERROR:process_memory_win.cc(73)] ReadMemory at 0xca5f9fc000 of 16384 bytes failed: Only part of a ReadProcessMemory or WriteProcessMemory request was completed. (0x12B)
[0310/212403.301:ERROR:process_memory_win.cc(73)] ReadMemory at 0xca5d1fd000 of 12288 bytes failed: Only part of a ReadProcessMemory or WriteProcessMemory request was completed. (0x12B)
[0310/212403.301:ERROR:process_memory_win.cc(73)] ReadMemory at 0xca5c9f9000 of 28672 bytes failed: Only part of a ReadProcessMemory or WriteProcessMemory request was completed. (0x12B)
[0310/212403.301:ERROR:process_memory_win.cc(73)] ReadMemory at 0xca589fc000 of 16384 bytes failed: Only part of a ReadProcessMemory or WriteProcessMemory request was completed. (0x12B)
[0310/212403.301:ERROR:process_memory_win.cc(73)] ReadMemory at 0xca5e1fe000 of 8192 bytes failed: Only part of a ReadProcessMemory or WriteProcessMemory request was completed. (0x12B)
[0310/212403.301:ERROR:process_memory_win.cc(73)] ReadMemory at 0xca5d9fe000 of 8192 bytes failed: Only part of a ReadProcessMemory or WriteProcessMemory request was completed. (0x12B)
[0310/212403.317:ERROR:process_memory_win.cc(73)] ReadMemory at 0xca5e9f9000 of 28672 bytes failed: Only part of a ReadProcessMemory or WriteProcessMemory request was completed. (0x12B)
[0310/212403.317:ERROR:process_memory_win.cc(73)] ReadMemory at 0xca591fe000 of 8192 bytes failed: Only part of a ReadProcessMemory or WriteProcessMemory request was completed. (0x12B)
[0310/212403.317:ERROR:process_memory_win.cc(73)] ReadMemory at 0xca5b1fb000 of 20480 bytes failed: Only part of a ReadProcessMemory or WriteProcessMemory request was completed. (0x12B)
[0310/212403.317:ERROR:process_memory_win.cc(73)] ReadMemory at 0xca601fc000 of 16384 bytes failed: Only part of a ReadProcessMemory or WriteProcessMemory request was completed. (0x12B)
[0310/212403.317:ERROR:process_memory_win.cc(73)] ReadMemory at 0xca5f1f9000 of 28672 bytes failed: Only part of a ReadProcessMemory or WriteProcessMemory request was completed. (0x12B)
[0310/212403.317:ERROR:process_memory_win.cc(73)] ReadMemory at 0xca609f9000 of 28672 bytes failed: Only part of a ReadProcessMemory or WriteProcessMemory request was completed. (0x12B)
[0310/212403.317:ERROR:process_memory_win.cc(73)] ReadMemory at 0xca611fc000 of 16384 bytes failed: Only part of a ReadProcessMemory or WriteProcessMemory request was completed. (0x12B)
[0310/212403.317:ERROR:process_memory_win.cc(73)] ReadMemory at 0xca619fa000 of 24576 bytes failed: Only part of a ReadProcessMemory or WriteProcessMemory request was completed. (0x12B)
[0310/212403.317:ERROR:process_memory_win.cc(73)] ReadMemory at 0xca629fc000 of 16384 bytes failed: Only part of a ReadProcessMemory or WriteProcessMemory request was completed. (0x12B)
[0310/212403.317:ERROR:process_memory_win.cc(73)] ReadMemory at 0xca631fa000 of 24576 bytes failed: Only part of a ReadProcessMemory or WriteProcessMemory request was completed. (0x12B)
[0310/212403.317:ERROR:process_memory_win.cc(73)] ReadMemory at 0xca639fb000 of 20480 bytes failed: Only part of a ReadProcessMemory or WriteProcessMemory request was completed. (0x12B)
[0310/212403.317:ERROR:process_memory_win.cc(73)] ReadMemory at 0xca621fc000 of 16384 bytes failed: Only part of a ReadProcessMemory or WriteProcessMemory request was completed. (0x12B)
[0310/212403.317:ERROR:process_memory_win.cc(73)] ReadMemory at 0xca641fd000 of 12288 bytes failed: Only part of a ReadProcessMemory or WriteProcessMemory request was completed. (0x12B)
[0310/212403.317:ERROR:process_memory_win.cc(73)] ReadMemory at 0xca57888000 of 6024 bytes failed: Only part of a ReadProcessMemory or WriteProcessMemory request was completed. (0x12B)
[0310/212403.317:ERROR:process_memory_win.cc(73)] ReadMemory at 0xca5789d000 of 852 bytes failed: Only part of a ReadProcessMemory or WriteProcessMemory request was completed. (0x12B)
[0310/212403.317:ERROR:process_memory_win.cc(73)] ReadMemory at 0xca5789e000 of 6024 bytes failed: Only part of a ReadProcessMemory or WriteProcessMemory request was completed. (0x12B)
[0310/212403.317:ERROR:process_memory_win.cc(73)] ReadMemory at 0xca578a4000 of 6024 bytes failed: Only part of a ReadProcessMemory or WriteProcessMemory request was completed. (0x12B)
[0310/212403.317:ERROR:process_memory_win.cc(73)] ReadMemory at 0xca578a6000 of 6024 bytes failed: Only part of a ReadProcessMemory or WriteProcessMemory request was completed. (0x12B)
[0310/212403.317:ERROR:process_memory_win.cc(73)] ReadMemory at 0xca578ac000 of 6024 bytes failed: Only part of a ReadProcessMemory or WriteProcessMemory request was completed. (0x12B)
[0310/212403.317:ERROR:process_memory_win.cc(73)] ReadMemory at 0xca578ae000 of 6024 bytes failed: Only part of a ReadProcessMemory or WriteProcessMemory request was completed. (0x12B)
[0310/212403.317:ERROR:process_memory_win.cc(73)] ReadMemory at 0xca578b4000 of 6024 bytes failed: Only part of a ReadProcessMemory or WriteProcessMemory request was completed. (0x12B)
[0310/212403.317:ERROR:process_memory_win.cc(73)] ReadMemory at 0xca578be000 of 6024 bytes failed: Only part of a ReadProcessMemory or WriteProcessMemory request was completed. (0x12B)
[0310/212403.317:ERROR:process_memory_win.cc(73)] ReadMemory at 0xca578d2000 of 6024 bytes failed: Only part of a ReadProcessMemory or WriteProcessMemory request was completed. (0x12B)
[0310/212403.317:ERROR:process_memory_win.cc(73)] ReadMemory at 0xca578e0000 of 6024 bytes failed: Only part of a ReadProcessMemory or WriteProcessMemory request was completed. (0x12B)
[0310/212403.317:ERROR:process_memory_win.cc(73)] ReadMemory at 0xca578f8000 of 6024 bytes failed: Only part of a ReadProcessMemory or WriteProcessMemory request was completed. (0x12B)
[0310/212403.317:ERROR:process_memory_win.cc(73)] ReadMemory at 0xca578fa000 of 6024 bytes failed: Only part of a ReadProcessMemory or WriteProcessMemory request was completed. (0x12B)
[0310/212403.317:ERROR:process_memory_win.cc(73)] ReadMemory at 0xca578fe000 of 6024 bytes failed: Only part of a ReadProcessMemory or WriteProcessMemory request was completed. (0x12B)
[0310/212403.317:ERROR:process_memory_win.cc(73)] ReadMemory at 0xca57902000 of 6024 bytes failed: Only part of a ReadProcessMemory or WriteProcessMemory request was completed. (0x12B)
[0310/212403.317:ERROR:process_memory_win.cc(73)] ReadMemory at 0xca57908000 of 6024 bytes failed: Only part of a ReadProcessMemory or WriteProcessMemory request was completed. (0x12B)
[0310/212403.317:ERROR:process_memory_win.cc(73)] ReadMemory at 0xca5790e000 of 6024 bytes failed: Only part of a ReadProcessMemory or WriteProcessMemory request was completed. (0x12B)
[0310/212403.317:ERROR:process_memory_win.cc(73)] ReadMemory at 0xca57910000 of 6024 bytes failed: Only part of a ReadProcessMemory or WriteProcessMemory request was completed. (0x12B)
[0310/212403.317:ERROR:process_memory_win.cc(73)] ReadMemory at 0xca57912000 of 6024 bytes failed: Only part of a ReadProcessMemory or WriteProcessMemory request was completed. (0x12B)
[0310/212403.317:ERROR:process_memory_win.cc(73)] ReadMemory at 0xca5791a000 of 6024 bytes failed: Only part of a ReadProcessMemory or WriteProcessMemory request was completed. (0x12B)
[0310/212403.317:ERROR:process_memory_win.cc(73)] ReadMemory at 0xca5791e000 of 6024 bytes failed: Only part of a ReadProcessMemory or WriteProcessMemory request was completed. (0x12B)
[0310/212403.317:ERROR:process_memory_win.cc(73)] ReadMemory at 0xca57920000 of 6024 bytes failed: Only part of a ReadProcessMemory or WriteProcessMemory request was completed. (0x12B)
[0310/212403.317:ERROR:process_memory_win.cc(73)] ReadMemory at 0xca57922000 of 6024 bytes failed: Only part of a ReadProcessMemory or WriteProcessMemory request was completed. (0x12B)
[0310/212403.317:ERROR:process_memory_win.cc(73)] ReadMemory at 0xca57924000 of 6024 bytes failed: Only part of a ReadProcessMemory or WriteProcessMemory request was completed. (0x12B)
[0310/212403.317:ERROR:process_memory_win.cc(73)] ReadMemory at 0xca57926000 of 6024 bytes failed: Only part of a ReadProcessMemory or WriteProcessMemory request was completed. (0x12B)
[0310/212403.317:ERROR:process_memory_win.cc(73)] ReadMemory at 0x2afce460000 of 384 bytes failed: Only part of a ReadProcessMemory or WriteProcessMemory request was completed. (0x12B)
[0310/212403.317:ERROR:process_memory_win.cc(73)] ReadMemory at 0x2afce4607a0 of 62 bytes failed: Only part of a ReadProcessMemory or WriteProcessMemory request was completed. (0x12B)
[0310/212403.317:ERROR:process_memory_win.cc(73)] ReadMemory at 0x2afce460ad0 of 1016 bytes failed: Only part of a ReadProcessMemory or WriteProcessMemory request was completed. (0x12B)
[0310/212403.317:ERROR:process_memory_win.cc(73)] ReadMemory at 0x2afce460fe0 of 21180 bytes failed: Only part of a ReadProcessMemory or WriteProcessMemory request was completed. (0x12B)
[0310/212403.317:ERROR:process_memory_win.cc(73)] ReadMemory at 0x2afce4662b0 of 1012 bytes failed: Only part of a ReadProcessMemory or WriteProcessMemory request was completed. (0x12B)
[0310/212403.317:ERROR:process_memory_win.cc(73)] ReadMemory at 0x2afce4668f8 of 118 bytes failed: Only part of a ReadProcessMemory or WriteProcessMemory request was completed. (0x12B)
[0310/212403.317:ERROR:process_memory_win.cc(73)] ReadMemory at 0x2afce466970 of 542 bytes failed: Only part of a ReadProcessMemory or WriteProcessMemory request was completed. (0x12B)
[0310/212403.317:ERROR:process_memory_win.cc(73)] ReadMemory at 0x2afce466b90 of 118 bytes failed: Only part of a ReadProcessMemory or WriteProcessMemory request was completed. (0x12B)
[0310/212403.317:ERROR:process_memory_win.cc(73)] ReadMemory at 0x2afce466c08 of 30 bytes failed: Only part of a ReadProcessMemory or WriteProcessMemory request was completed. (0x12B)
[0310/212403.317:ERROR:process_memory_win.cc(73)] ReadMemory at 0x2afce466c40 of 58 bytes failed: Only part of a ReadProcessMemory or WriteProcessMemory request was completed. (0x12B)
[0310/212403.317:ERROR:process_memory_win.cc(73)] ReadMemory at 0x2afce466d40 of 132 bytes failed: Only part of a ReadProcessMemory or WriteProcessMemory request was completed. (0x12B)
[0310/212403.317:ERROR:process_memory_win.cc(73)] ReadMemory at 0x2afce466ed0 of 132 bytes failed: Only part of a ReadProcessMemory or WriteProcessMemory request was completed. (0x12B)
[0310/212403.317:ERROR:process_memory_win.cc(73)] ReadMemory at 0x2afce467090 of 126 bytes failed: Only part of a ReadProcessMemory or WriteProcessMemory request was completed. (0x12B)
[0310/212403.317:ERROR:process_memory_win.cc(73)] ReadMemory at 0x2afce467470 of 132 bytes failed: Only part of a ReadProcessMemory or WriteProcessMemory request was completed. (0x12B)
[0310/212403.317:ERROR:process_memory_win.cc(73)] ReadMemory at 0x2afce467600 of 64 bytes failed: Only part of a ReadProcessMemory or WriteProcessMemory request was completed. (0x12B)
[0310/212403.317:ERROR:process_memory_win.cc(73)] ReadMemory at 0x2afce467a60 of 132 bytes failed: Only part of a ReadProcessMemory or WriteProcessMemory request was completed. (0x12B)
[0310/212403.317:ERROR:process_memory_win.cc(73)] ReadMemory at 0x2afce467bf0 of 68 bytes failed: Only part of a ReadProcessMemory or WriteProcessMemory request was completed. (0x12B)
[0310/212403.317:ERROR:process_memory_win.cc(73)] ReadMemory at 0x2afce468d90 of 132 bytes failed: Only part of a ReadProcessMemory or WriteProcessMemory request was completed. (0x12B)
[0310/212403.317:ERROR:process_memory_win.cc(73)] ReadMemory at 0x2afce468ec0 of 146 bytes failed: Only part of a ReadProcessMemory or WriteProcessMemory request was completed. (0x12B)
[0310/212403.317:ERROR:process_memory_win.cc(73)] ReadMemory at 0x2afce468fa0 of 132 bytes failed: Only part of a ReadProcessMemory or WriteProcessMemory request was completed. (0x12B)
[0310/212403.317:ERROR:process_memory_win.cc(73)] ReadMemory at 0x2afce469130 of 154 bytes failed: Only part of a ReadProcessMemory or WriteProcessMemory request was completed. (0x12B)
[0310/212403.317:ERROR:process_memory_win.cc(73)] ReadMemory at 0x2afce46ea50 of 132 bytes failed: Only part of a ReadProcessMemory or WriteProcessMemory request was completed. (0x12B)
[0310/212403.332:ERROR:process_memory_win.cc(73)] ReadMemory at 0x2afce46ebd0 of 60 bytes failed: Only part of a ReadProcessMemory or WriteProcessMemory request was completed. (0x12B)
[0310/212403.332:ERROR:process_memory_win.cc(73)] ReadMemory at 0x2afce46f640 of 132 bytes failed: Only part of a ReadProcessMemory or WriteProcessMemory request was completed. (0x12B)
[0310/212403.332:ERROR:process_memory_win.cc(73)] ReadMemory at 0x2afce46f770 of 132 bytes failed: Only part of a ReadProcessMemory or WriteProcessMemory request was completed. (0x12B)
[0310/212403.332:ERROR:process_memory_win.cc(73)] ReadMemory at 0x2afce46f8a0 of 132 bytes failed: Only part of a ReadProcessMemory or WriteProcessMemory request was completed. (0x12B)
[0310/212403.332:ERROR:process_memory_win.cc(73)] ReadMemory at 0x2afce46f9d0 of 132 bytes failed: Only part of a ReadProcessMemory or WriteProcessMemory request was completed. (0x12B)
[0310/212403.332:ERROR:process_memory_win.cc(73)] ReadMemory at 0x2afce46fb00 of 132 bytes failed: Only part of a ReadProcessMemory or WriteProcessMemory request was completed. (0x12B)
[0310/212403.332:ERROR:process_memory_win.cc(73)] ReadMemory at 0x2afce46fc30 of 132 bytes failed: Only part of a ReadProcessMemory or WriteProcessMemory request was completed. (0x12B)
[0310/212403.332:ERROR:process_memory_win.cc(73)] ReadMemory at 0x2afce46fd60 of 132 bytes failed: Only part of a ReadProcessMemory or WriteProcessMemory request was completed. (0x12B)
[0310/212403.332:ERROR:process_memory_win.cc(73)] ReadMemory at 0x2afce46fe90 of 132 bytes failed: Only part of a ReadProcessMemory or WriteProcessMemory request was completed. (0x12B)
[0310/212403.332:ERROR:process_memory_win.cc(73)] ReadMemory at 0x2afce46ffc0 of 132 bytes failed: Only part of a ReadProcessMemory or WriteProcessMemory request was completed. (0x12B)
[0310/212403.332:ERROR:process_memory_win.cc(73)] ReadMemory at 0x2afce4700f0 of 132 bytes failed: Only part of a ReadProcessMemory or WriteProcessMemory request was completed. (0x12B)
[0310/212403.332:ERROR:process_memory_win.cc(73)] ReadMemory at 0x2afce470220 of 132 bytes failed: Only part of a ReadProcessMemory or WriteProcessMemory request was completed. (0x12B)
[0310/212403.332:ERROR:process_memory_win.cc(73)] ReadMemory at 0x2afce470350 of 132 bytes failed: Only part of a ReadProcessMemory or WriteProcessMemory request was completed. (0x12B)
[0310/212403.332:ERROR:process_memory_win.cc(73)] ReadMemory at 0x2afce470480 of 132 bytes failed: Only part of a ReadProcessMemory or WriteProcessMemory request was completed. (0x12B)
[0310/212403.332:ERROR:process_memory_win.cc(73)] ReadMemory at 0x2afce471320 of 80 bytes failed: Only part of a ReadProcessMemory or WriteProcessMemory request was completed. (0x12B)
[0310/212403.332:ERROR:process_memory_win.cc(73)] ReadMemory at 0x2afce471900 of 62 bytes failed: Only part of a ReadProcessMemory or WriteProcessMemory request was completed. (0x12B)
[0310/212403.332:ERROR:process_memory_win.cc(73)] ReadMemory at 0x2afce471950 of 64 bytes failed: Only part of a ReadProcessMemory or WriteProcessMemory request was completed. (0x12B)
[0310/212403.332:ERROR:process_memory_win.cc(73)] ReadMemory at 0x2afce471ae0 of 64 bytes failed: Only part of a ReadProcessMemory or WriteProcessMemory request was completed. (0x12B)
[0310/212403.332:ERROR:process_memory_win.cc(73)] ReadMemory at 0x2afce471b30 of 62 bytes failed: Only part of a ReadProcessMemory or WriteProcessMemory request was completed. (0x12B)
[0310/212403.332:ERROR:process_memory_win.cc(73)] ReadMemory at 0x2afce471b80 of 64 bytes failed: Only part of a ReadProcessMemory or WriteProcessMemory request was completed. (0x12B)
[0310/212403.332:ERROR:process_memory_win.cc(73)] ReadMemory at 0x2afce471bd0 of 60 bytes failed: Only part of a ReadProcessMemory or WriteProcessMemory request was completed. (0x12B)
[0310/212403.332:ERROR:process_memory_win.cc(73)] ReadMemory at 0x2afce471f40 of 64 bytes failed: Only part of a ReadProcessMemory or WriteProcessMemory request was completed. (0x12B)
[0310/212403.332:ERROR:process_memory_win.cc(73)] ReadMemory at 0x2afce471fe0 of 60 bytes failed: Only part of a ReadProcessMemory or WriteProcessMemory request was completed. (0x12B)
[0310/212403.332:ERROR:process_memory_win.cc(73)] ReadMemory at 0x2afce472030 of 66 bytes failed: Only part of a ReadProcessMemory or WriteProcessMemory request was completed. (0x12B)
[0310/212403.332:ERROR:process_memory_win.cc(73)] ReadMemory at 0x2afce472140 of 132 bytes failed: Only part of a ReadProcessMemory or WriteProcessMemory request was completed. (0x12B)
[0310/212403.332:ERROR:process_memory_win.cc(73)] ReadMemory at 0x2afce472270 of 132 bytes failed: Only part of a ReadProcessMemory or WriteProcessMemory request was completed. (0x12B)
[0310/212403.332:ERROR:process_memory_win.cc(73)] ReadMemory at 0x2afce4723a0 of 132 bytes failed: Only part of a ReadProcessMemory or WriteProcessMemory request was completed. (0x12B)
[0310/212403.332:ERROR:process_memory_win.cc(73)] ReadMemory at 0x2afce4724d0 of 132 bytes failed: Only part of a ReadProcessMemory or WriteProcessMemory request was completed. (0x12B)
[0310/212403.332:ERROR:process_memory_win.cc(73)] ReadMemory at 0x2afce472600 of 132 bytes failed: Only part of a ReadProcessMemory or WriteProcessMemory request was completed. (0x12B)
[0310/212403.332:ERROR:process_memory_win.cc(73)] ReadMemory at 0x2afce472730 of 132 bytes failed: Only part of a ReadProcessMemory or WriteProcessMemory request was completed. (0x12B)
[0310/212403.332:ERROR:process_memory_win.cc(73)] ReadMemory at 0x2afce472860 of 132 bytes failed: Only part of a ReadProcessMemory or WriteProcessMemory request was completed. (0x12B)
[0310/212403.332:ERROR:process_memory_win.cc(73)] ReadMemory at 0x2afce472990 of 132 bytes failed: Only part of a ReadProcessMemory or WriteProcessMemory request was completed. (0x12B)
[0310/212403.332:ERROR:process_memory_win.cc(73)] ReadMemory at 0x2afce472ac0 of 132 bytes failed: Only part of a ReadProcessMemory or WriteProcessMemory request was completed. (0x12B)
[0310/212403.332:ERROR:process_memory_win.cc(73)] ReadMemory at 0x2afce472bf0 of 132 bytes failed: Only part of a ReadProcessMemory or WriteProcessMemory request was completed. (0x12B)
[0310/212403.332:ERROR:process_memory_win.cc(73)] ReadMemory at 0x2afce472d20 of 132 bytes failed: Only part of a ReadProcessMemory or WriteProcessMemory request was completed. (0x12B)
[0310/212403.332:ERROR:process_memory_win.cc(73)] ReadMemory at 0x2afce472e50 of 132 bytes failed: Only part of a ReadProcessMemory or WriteProcessMemory request was completed. (0x12B)
[0310/212403.332:ERROR:process_memory_win.cc(73)] ReadMemory at 0x2afce472f80 of 132 bytes failed: Only part of a ReadProcessMemory or WriteProcessMemory request was completed. (0x12B)
[0310/212403.332:ERROR:process_memory_win.cc(73)] ReadMemory at 0x2afce4730b0 of 132 bytes failed: Only part of a ReadProcessMemory or WriteProcessMemory request was completed. (0x12B)
[0310/212403.332:ERROR:process_memory_win.cc(73)] ReadMemory at 0x2afce4731e0 of 132 bytes failed: Only part of a ReadProcessMemory or WriteProcessMemory request was completed. (0x12B)
[0310/212403.332:ERROR:process_memory_win.cc(73)] ReadMemory at 0x2afce473310 of 132 bytes failed: Only part of a ReadProcessMemory or WriteProcessMemory request was completed. (0x12B)
[0310/212403.332:ERROR:process_memory_win.cc(73)] ReadMemory at 0x2afce473440 of 132 bytes failed: Only part of a ReadProcessMemory or WriteProcessMemory request was completed. (0x12B)
[0310/212403.332:ERROR:process_memory_win.cc(73)] ReadMemory at 0x2afce473570 of 132 bytes failed: Only part of a ReadProcessMemory or WriteProcessMemory request was completed. (0x12B)
[0310/212403.332:ERROR:process_memory_win.cc(73)] ReadMemory at 0x2afce4736a0 of 132 bytes failed: Only part of a ReadProcessMemory or WriteProcessMemory request was completed. (0x12B)
[0310/212403.332:ERROR:process_memory_win.cc(73)] ReadMemory at 0x2afce4737d0 of 132 bytes failed: Only part of a ReadProcessMemory or WriteProcessMemory request was completed. (0x12B)
[0310/212403.332:ERROR:process_memory_win.cc(73)] ReadMemory at 0x2afce473900 of 132 bytes failed: Only part of a ReadProcessMemory or WriteProcessMemory request was completed. (0x12B)
[0310/212403.332:ERROR:process_memory_win.cc(73)] ReadMemory at 0x2afce473a30 of 132 bytes failed: Only part of a ReadProcessMemory or WriteProcessMemory request was completed. (0x12B)
[0310/212403.332:ERROR:process_memory_win.cc(73)] ReadMemory at 0x2afce473b60 of 132 bytes failed: Only part of a ReadProcessMemory or WriteProcessMemory request was completed. (0x12B)
[0310/212403.332:ERROR:process_memory_win.cc(73)] ReadMemory at 0x2afce473c90 of 132 bytes failed: Only part of a ReadProcessMemory or WriteProcessMemory request was completed. (0x12B)
[0310/212403.332:ERROR:process_memory_win.cc(73)] ReadMemory at 0x2afce473dc0 of 132 bytes failed: Only part of a ReadProcessMemory or WriteProcessMemory request was completed. (0x12B)
[0310/212403.332:ERROR:process_memory_win.cc(73)] ReadMemory at 0x2afce473ef0 of 132 bytes failed: Only part of a ReadProcessMemory or WriteProcessMemory request was completed. (0x12B)
[0310/212403.332:ERROR:process_memory_win.cc(73)] ReadMemory at 0x2afce475780 of 54 bytes failed: Only part of a ReadProcessMemory or WriteProcessMemory request was completed. (0x12B)
[0310/212403.332:ERROR:process_memory_win.cc(73)] ReadMemory at 0x2afce476e60 of 64 bytes failed: Only part of a ReadProcessMemory or WriteProcessMemory request was completed. (0x12B)
[0310/212403.332:ERROR:process_memory_win.cc(73)] ReadMemory at 0x2afce476f00 of 62 bytes failed: Only part of a ReadProcessMemory or WriteProcessMemory request was completed. (0x12B)
[0310/212403.332:ERROR:process_memory_win.cc(73)] ReadMemory at 0x2afce476f50 of 62 bytes failed: Only part of a ReadProcessMemory or WriteProcessMemory request was completed. (0x12B)
[0310/212403.332:ERROR:process_memory_win.cc(73)] ReadMemory at 0x2afce4770e0 of 60 bytes failed: Only part of a ReadProcessMemory or WriteProcessMemory request was completed. (0x12B)
[0310/212403.332:ERROR:process_memory_win.cc(73)] ReadMemory at 0x2afce477180 of 58 bytes failed: Only part of a ReadProcessMemory or WriteProcessMemory request was completed. (0x12B)
[0310/212403.332:ERROR:process_memory_win.cc(73)] ReadMemory at 0x2afce4771d0 of 62 bytes failed: Only part of a ReadProcessMemory or WriteProcessMemory request was completed. (0x12B)
[0310/212403.332:ERROR:process_memory_win.cc(73)] ReadMemory at 0x2afce477310 of 60 bytes failed: Only part of a ReadProcessMemory or WriteProcessMemory request was completed. (0x12B)
[0310/212403.332:ERROR:process_memory_win.cc(73)] ReadMemory at 0x2afce4773b0 of 60 bytes failed: Only part of a ReadProcessMemory or WriteProcessMemory request was completed. (0x12B)
[0310/212403.348:ERROR:process_memory_win.cc(73)] ReadMemory at 0x2afce477400 of 62 bytes failed: Only part of a ReadProcessMemory or WriteProcessMemory request was completed. (0x12B)
[0310/212403.348:ERROR:process_memory_win.cc(73)] ReadMemory at 0x2afce4774a0 of 64 bytes failed: Only part of a ReadProcessMemory or WriteProcessMemory request was completed. (0x12B)
[0310/212403.348:ERROR:process_memory_win.cc(73)] ReadMemory at 0x2afce477590 of 60 bytes failed: Only part of a ReadProcessMemory or WriteProcessMemory request was completed. (0x12B)
[0310/212403.348:ERROR:process_memory_win.cc(73)] ReadMemory at 0x2afce4775e0 of 64 bytes failed: Only part of a ReadProcessMemory or WriteProcessMemory request was completed. (0x12B)
[0310/212403.348:ERROR:process_memory_win.cc(73)] ReadMemory at 0x2afce477720 of 62 bytes failed: Only part of a ReadProcessMemory or WriteProcessMemory request was completed. (0x12B)
[0310/212403.348:ERROR:process_memory_win.cc(73)] ReadMemory at 0x2afce477770 of 62 bytes failed: Only part of a ReadProcessMemory or WriteProcessMemory request was completed. (0x12B)
[0310/212403.348:ERROR:process_memory_win.cc(73)] ReadMemory at 0x2afce4778b0 of 62 bytes failed: Only part of a ReadProcessMemory or WriteProcessMemory request was completed. (0x12B)
[0310/212403.348:ERROR:process_memory_win.cc(73)] ReadMemory at 0x2afce477900 of 64 bytes failed: Only part of a ReadProcessMemory or WriteProcessMemory request was completed. (0x12B)
[0310/212403.348:ERROR:process_memory_win.cc(73)] ReadMemory at 0x2afce4779f0 of 62 bytes failed: Only part of a ReadProcessMemory or WriteProcessMemory request was completed. (0x12B)
[0310/212403.348:ERROR:process_memory_win.cc(73)] ReadMemory at 0x2afce477a90 of 66 bytes failed: Only part of a ReadProcessMemory or WriteProcessMemory request was completed. (0x12B)
[0310/212403.348:ERROR:process_memory_win.cc(73)] ReadMemory at 0x2afce47abd0 of 76 bytes failed: Only part of a ReadProcessMemory or WriteProcessMemory request was completed. (0x12B)
[0310/212403.348:ERROR:process_memory_win.cc(73)] ReadMemory at 0x2afce47b470 of 80 bytes failed: Only part of a ReadProcessMemory or WriteProcessMemory request was completed. (0x12B)
[0310/212403.348:ERROR:process_memory_win.cc(73)] ReadMemory at 0x2afce47ed80 of 512 bytes failed: Only part of a ReadProcessMemory or WriteProcessMemory request was completed. (0x12B)
[0310/212403.348:ERROR:process_memory_win.cc(73)] ReadMemory at 0x2afce47f7f0 of 512 bytes failed: Only part of a ReadProcessMemory or WriteProcessMemory request was completed. (0x12B)
[0310/212403.348:ERROR:process_memory_win.cc(73)] ReadMemory at 0x2afce48bff0 of 66 bytes failed: Only part of a ReadProcessMemory or WriteProcessMemory request was completed. (0x12B)
[0310/212403.348:ERROR:process_memory_win.cc(73)] ReadMemory at 0x2afce48c040 of 66 bytes failed: Only part of a ReadProcessMemory or WriteProcessMemory request was completed. (0x12B)
[0310/212403.348:ERROR:process_memory_win.cc(73)] ReadMemory at 0x2afce48c180 of 58 bytes failed: Only part of a ReadProcessMemory or WriteProcessMemory request was completed. (0x12B)
[0310/212403.348:ERROR:process_memory_win.cc(73)] ReadMemory at 0x2afce48c1d0 of 62 bytes failed: Only part of a ReadProcessMemory or WriteProcessMemory request was completed. (0x12B)
[0310/212403.348:ERROR:process_memory_win.cc(73)] ReadMemory at 0x2afce48c540 of 60 bytes failed: Only part of a ReadProcessMemory or WriteProcessMemory request was completed. (0x12B)
[0310/212403.348:ERROR:process_memory_win.cc(73)] ReadMemory at 0x2afce48c590 of 64 bytes failed: Only part of a ReadProcessMemory or WriteProcessMemory request was completed. (0x12B)
[0310/212403.348:ERROR:process_memory_win.cc(73)] ReadMemory at 0x2afce48c708 of 512 bytes failed: Only part of a ReadProcessMemory or WriteProcessMemory request was completed. (0x12B)
[0310/212403.348:ERROR:process_memory_win.cc(73)] ReadMemory at 0x2afce48ca40 of 60 bytes failed: Only part of a ReadProcessMemory or WriteProcessMemory request was completed. (0x12B)
[0310/212403.348:ERROR:process_memory_win.cc(73)] ReadMemory at 0x2afce48cb80 of 58 bytes failed: Only part of a ReadProcessMemory or WriteProcessMemory request was completed. (0x12B)
[0310/212403.348:ERROR:process_memory_win.cc(73)] ReadMemory at 0x2afce48cc20 of 60 bytes failed: Only part of a ReadProcessMemory or WriteProcessMemory request was completed. (0x12B)
[0310/212403.348:ERROR:process_memory_win.cc(73)] ReadMemory at 0x2afce48ccc0 of 62 bytes failed: Only part of a ReadProcessMemory or WriteProcessMemory request was completed. (0x12B)
[0310/212403.348:ERROR:process_memory_win.cc(73)] ReadMemory at 0x2afce48cf40 of 64 bytes failed: Only part of a ReadProcessMemory or WriteProcessMemory request was completed. (0x12B)
[0310/212403.348:ERROR:process_memory_win.cc(73)] ReadMemory at 0x2afce4a27f0 of 132 bytes failed: Only part of a ReadProcessMemory or WriteProcessMemory request was completed. (0x12B)
[0310/212403.348:ERROR:process_memory_win.cc(73)] ReadMemory at 0x2afce4a2a50 of 132 bytes failed: Only part of a ReadProcessMemory or WriteProcessMemory request was completed. (0x12B)
[0310/212403.348:ERROR:process_memory_win.cc(73)] ReadMemory at 0x2afce4a2b80 of 132 bytes failed: Only part of a ReadProcessMemory or WriteProcessMemory request was completed. (0x12B)
[0310/212403.348:ERROR:process_memory_win.cc(73)] ReadMemory at 0x2afce4a2f10 of 132 bytes failed: Only part of a ReadProcessMemory or WriteProcessMemory request was completed. (0x12B)
[0310/212403.348:ERROR:process_memory_win.cc(73)] ReadMemory at 0x2afce4a3040 of 132 bytes failed: Only part of a ReadProcessMemory or WriteProcessMemory request was completed. (0x12B)
[0310/212403.348:ERROR:process_memory_win.cc(73)] ReadMemory at 0x2afce4a3760 of 132 bytes failed: Only part of a ReadProcessMemory or WriteProcessMemory request was completed. (0x12B)
[0310/212403.348:ERROR:process_memory_win.cc(73)] ReadMemory at 0x2afce4a3890 of 132 bytes failed: Only part of a ReadProcessMemory or WriteProcessMemory request was completed. (0x12B)
[0310/212403.348:ERROR:process_memory_win.cc(73)] ReadMemory at 0x2afce4a39c0 of 132 bytes failed: Only part of a ReadProcessMemory or WriteProcessMemory request was completed. (0x12B)
[0310/212403.348:ERROR:process_memory_win.cc(73)] ReadMemory at 0x2afce4a3e80 of 132 bytes failed: Only part of a ReadProcessMemory or WriteProcessMemory request was completed. (0x12B)
[0310/212403.348:ERROR:process_memory_win.cc(73)] ReadMemory at 0x2afce4a3fb0 of 132 bytes failed: Only part of a ReadProcessMemory or WriteProcessMemory request was completed. (0x12B)
[0310/212403.348:ERROR:process_memory_win.cc(73)] ReadMemory at 0x2afce4a40e0 of 132 bytes failed: Only part of a ReadProcessMemory or WriteProcessMemory request was completed. (0x12B)
[0310/212403.348:ERROR:process_memory_win.cc(73)] ReadMemory at 0x2afce4a7770 of 512 bytes failed: Only part of a ReadProcessMemory or WriteProcessMemory request was completed. (0x12B)
[0310/212403.348:ERROR:process_memory_win.cc(73)] ReadMemory at 0x2afce4b9cb0 of 808 bytes failed: Only part of a ReadProcessMemory or WriteProcessMemory request was completed. (0x12B)
[0310/212403.348:ERROR:process_memory_win.cc(73)] ReadMemory at 0x2afce4bc450 of 512 bytes failed: Only part of a ReadProcessMemory or WriteProcessMemory request was completed. (0x12B)
[0310/212403.348:ERROR:process_memory_win.cc(73)] ReadMemory at 0x2afce4bc7d0 of 512 bytes failed: Only part of a ReadProcessMemory or WriteProcessMemory request was completed. (0x12B)
[0310/212403.348:ERROR:process_memory_win.cc(73)] ReadMemory at 0x2afce4c2430 of 62 bytes failed: Only part of a ReadProcessMemory or WriteProcessMemory request was completed. (0x12B)
[0310/212403.348:ERROR:process_memory_win.cc(73)] ReadMemory at 0x2afce4c2e80 of 60 bytes failed: Only part of a ReadProcessMemory or WriteProcessMemory request was completed. (0x12B)
[0310/212403.348:ERROR:process_memory_win.cc(73)] ReadMemory at 0x2afce4ccc80 of 512 bytes failed: Only part of a ReadProcessMemory or WriteProcessMemory request was completed. (0x12B)
[0310/212403.348:ERROR:process_memory_win.cc(73)] ReadMemory at 0x2afce4cd000 of 512 bytes failed: Only part of a ReadProcessMemory or WriteProcessMemory request was completed. (0x12B)
[0310/212403.348:ERROR:process_memory_win.cc(73)] ReadMemory at 0x2afce4cdc50 of 58 bytes failed: Only part of a ReadProcessMemory or WriteProcessMemory request was completed. (0x12B)
[0310/212403.348:ERROR:process_memory_win.cc(73)] ReadMemory at 0x2afce4eb060 of 512 bytes failed: Only part of a ReadProcessMemory or WriteProcessMemory request was completed. (0x12B)
[0310/212403.348:ERROR:process_memory_win.cc(73)] ReadMemory at 0x2afce4f9f80 of 512 bytes failed: Only part of a ReadProcessMemory or WriteProcessMemory request was completed. (0x12B)
[0310/212403.348:ERROR:process_memory_win.cc(73)] ReadMemory at 0x2afce4fa300 of 512 bytes failed: Only part of a ReadProcessMemory or WriteProcessMemory request was completed. (0x12B)
[0310/212403.348:ERROR:process_memory_win.cc(73)] ReadMemory at 0x2afce521910 of 64 bytes failed: Only part of a ReadProcessMemory or WriteProcessMemory request was completed. (0x12B)
[0310/212403.348:ERROR:process_memory_win.cc(73)] ReadMemory at 0x2afce522450 of 62 bytes failed: Only part of a ReadProcessMemory or WriteProcessMemory request was completed. (0x12B)
[0310/212403.348:ERROR:process_memory_win.cc(73)] ReadMemory at 0x2afce53b7b8 of 512 bytes failed: Only part of a ReadProcessMemory or WriteProcessMemory request was completed. (0x12B)
[0310/212403.348:ERROR:process_memory_win.cc(73)] ReadMemory at 0x2afce53cda0 of 808 bytes failed: Only part of a ReadProcessMemory or WriteProcessMemory request was completed. (0x12B)
[0310/212403.348:ERROR:process_memory_win.cc(73)] ReadMemory at 0x2afce53d2c0 of 808 bytes failed: Only part of a ReadProcessMemory or WriteProcessMemory request was completed. (0x12B)
[0310/212403.348:ERROR:process_memory_win.cc(73)] ReadMemory at 0x2afce554620 of 512 bytes failed: Only part of a ReadProcessMemory or WriteProcessMemory request was completed. (0x12B)
[0310/212403.348:ERROR:process_memory_win.cc(73)] ReadMemory at 0x2afce621540 of 512 bytes failed: Only part of a ReadProcessMemory or WriteProcessMemory request was completed. (0x12B)
[0310/212403.348:ERROR:process_memory_win.cc(73)] ReadMemory at 0x2afd1e1f740 of 512 bytes failed: Only part of a ReadProcessMemory or WriteProcessMemory request was completed. (0x12B)
[0310/212403.348:ERROR:process_memory_win.cc(73)] ReadMemory at 0x2afd23a1a70 of 512 bytes failed: Only part of a ReadProcessMemory or WriteProcessMemory request was completed. (0x12B)
[0310/212403.348:ERROR:process_memory_win.cc(73)] ReadMemory at 0x2afd2655040 of 512 bytes failed: Only part of a ReadProcessMemory or WriteProcessMemory request was completed. (0x12B)
[0310/212403.348:ERROR:process_memory_win.cc(73)] ReadMemory at 0x2afd29364b0 of 512 bytes failed: Only part of a ReadProcessMemory or WriteProcessMemory request was completed. (0x12B)
[0310/212403.348:ERROR:process_memory_win.cc(73)] ReadMemory at 0x2afd2936ab0 of 512 bytes failed: Only part of a ReadProcessMemory or WriteProcessMemory request was completed. (0x12B)
[0310/212403.348:ERROR:process_memory_win.cc(73)] ReadMemory at 0x2afd2becac0 of 1088 bytes failed: Only part of a ReadProcessMemory or WriteProcessMemory request was completed. (0x12B)
[0310/212403.348:ERROR:process_memory_win.cc(73)] ReadMemory at 0x2afd2cdf250 of 512 bytes failed: Only part of a ReadProcessMemory or WriteProcessMemory request was completed. (0x12B)
[0310/212403.348:ERROR:process_memory_win.cc(73)] ReadMemory at 0x2afd2cdfb50 of 512 bytes failed: Only part of a ReadProcessMemory or WriteProcessMemory request was completed. (0x12B)
[0310/212403.348:ERROR:process_memory_win.cc(73)] ReadMemory at 0x2afd2e35c60 of 512 bytes failed: Only part of a ReadProcessMemory or WriteProcessMemory request was completed. (0x12B)
[0310/212403.348:ERROR:process_memory_win.cc(73)] ReadMemory at 0x2afd2f60000 of 384 bytes failed: Only part of a ReadProcessMemory or WriteProcessMemory request was completed. (0x12B)
[0310/212403.348:ERROR:process_memory_win.cc(73)] ReadMemory at 0x2afd2f6a1d0 of 512 bytes failed: Only part of a ReadProcessMemory or WriteProcessMemory request was completed. (0x12B)
[0310/212403.348:ERROR:process_memory_win.cc(73)] ReadMemory at 0x2afd2fe0a78 of 512 bytes failed: Only part of a ReadProcessMemory or WriteProcessMemory request was completed. (0x12B)
[0310/212403.348:ERROR:process_memory_win.cc(73)] ReadMemory at 0x2afd2fe4e20 of 512 bytes failed: Only part of a ReadProcessMemory or WriteProcessMemory request was completed. (0x12B)
[0310/212403.348:ERROR:process_memory_win.cc(73)] ReadMemory at 0x2afd2fe9260 of 512 bytes failed: Only part of a ReadProcessMemory or WriteProcessMemory request was completed. (0x12B)
[0310/212403.348:ERROR:process_memory_win.cc(73)] ReadMemory at 0x2afd2fed6a0 of 512 bytes failed: Only part of a ReadProcessMemory or WriteProcessMemory request was completed. (0x12B)
[0310/212403.348:ERROR:process_memory_win.cc(73)] ReadMemory at 0x7ffd9ce04705 of 512 bytes failed: Only part of a ReadProcessMemory or WriteProcessMemory request was completed. (0x12B)
[0310/212403.348:ERROR:process_memory_win.cc(73)] ReadMemory at 0x7ffd9ef5026c of 512 bytes failed: Only part of a ReadProcessMemory or WriteProcessMemory request was completed. (0x12B)
[0310/212403.348:ERROR:process_memory_win.cc(73)] ReadMemory at 0x7ffda2d6dfbc of 512 bytes failed: Only part of a ReadProcessMemory or WriteProcessMemory request was completed. (0x12B)
[0310/212403.348:ERROR:process_memory_win.cc(73)] ReadMemory at 0x7ffda3166138 of 512 bytes failed: Only part of a ReadProcessMemory or WriteProcessMemory request was completed. (0x12B)
[0310/212403.348:ERROR:process_memory_win.cc(73)] ReadMemory at 0x7ffda3db6d48 of 512 bytes failed: Only part of a ReadProcessMemory or WriteProcessMemory request was completed. (0x12B)
[0310/212403.348:ERROR:process_memory_win.cc(73)] ReadMemory at 0x7ffdfb660000 of 384 bytes failed: Only part of a ReadProcessMemory or WriteProcessMemory request was completed. (0x12B)
[0310/212403.348:ERROR:process_memory_win.cc(73)] ReadMemory at 0x7ffdfcb6b6d0 of 512 bytes failed: Only part of a ReadProcessMemory or WriteProcessMemory request was completed. (0x12B)
[0310/212403.348:ERROR:process_memory_win.cc(73)] ReadMemory at 0x7ffdfd6c0068 of 512 bytes failed: Only part of a ReadProcessMemory or WriteProcessMemory request was completed. (0x12B)
[0310/212403.348:ERROR:process_memory_win.cc(73)] ReadMemory at 0x7ffdfda170d0 of 512 bytes failed: Only part of a ReadProcessMemory or WriteProcessMemory request was completed. (0x12B)
[0310/212403.348:ERROR:process_memory_win.cc(73)] ReadMemory at 0x7ffdfdacfc24 of 512 bytes failed: Only part of a ReadProcessMemory or WriteProcessMemory request was completed. (0x12B)
[0310/212403.348:ERROR:process_memory_win.cc(73)] ReadMemory at 0x7ffdfefbc0c4 of 672 bytes failed: Only part of a ReadProcessMemory or WriteProcessMemory request was completed. (0x12B)
[0310/212403.348:ERROR:process_memory_win.cc(73)] ReadMemory at 0x7ffdfefbc6c4 of 512 bytes failed: Only part of a ReadProcessMemory or WriteProcessMemory request was completed. (0x12B)
[0310/212403.348:ERROR:process_memory_win.cc(73)] ReadMemory at 0x7ffdfefbcb94 of 512 bytes failed: Only part of a ReadProcessMemory or WriteProcessMemory request was completed. (0x12B)
[0310/212403.348:ERROR:process_memory_win.cc(73)] ReadMemory at 0x7ffdfefbd174 of 512 bytes failed: Only part of a ReadProcessMemory or WriteProcessMemory request was completed. (0x12B)
[0310/212403.348:ERROR:process_memory_win.cc(73)] ReadMemory at 0x7ffdfefbf9d4 of 512 bytes failed: Only part of a ReadProcessMemory or WriteProcessMemory request was completed. (0x12B)
[0310/212403.348:ERROR:process_memory_win.cc(73)] ReadMemory at 0x7ffdff04c428 of 18 bytes failed: Only part of a ReadProcessMemory or WriteProcessMemory request was completed. (0x12B)
[0310/212403.348:ERROR:process_memory_win.cc(73)] ReadMemory at 0x7ffdff07f4f8 of 40 bytes failed: Only part of a ReadProcessMemory or WriteProcessMemory request was completed. (0x12B)
[0310/212403.348:ERROR:process_memory_win.cc(73)] ReadMemory at 0x7ffdff07f978 of 48 bytes failed: Only part of a ReadProcessMemory or WriteProcessMemory request was completed. (0x12B)
[0310/212403.348:ERROR:process_memory_win.cc(73)] ReadMemory at 0x7ffdff0853c0 of 64 bytes failed: Only part of a ReadProcessMemory or WriteProcessMemory request was completed. (0x12B)
[0310/212403.363:ERROR:scoped_process_suspend.cc(40)] NtResumeProcess: An attempt was made to access an exiting process. (0xc000010a)
